[Information]: [Information] Could not load sprite data from JSON. Offending JSON to follow.
[Information]: [Information] [Name: backdraft]
[Part: [{Colour:[#ff0000ff], Data:[default], Filename:abilities/backdraft-icon.png, Frames:1, Name:icon, Position:0, SortOrder:2}]]

[Error]: [Error] Object reference not set to an instance of an object.
[Error]: [Error]   at JoyLib.Code.Graphics.ObjectIconHandler.AddSpriteDataFromJson (Godot.Collections.Dictionary spriteDict) [0x00297] in C:\Projects\JoyGodot - Trimmed\Assets\Scripts\Graphics\ObjectIconHandler.cs:189 
[Information]: [Information] Could not load sprite data from JSON. Offending JSON to follow.
[Information]: [Information] [Name: NeedBackground]
[Part: [{Data:[default], Filename:Needs32.png, Frames:1, Name:NeedBackground, Position:12, SortOrder:1}]]

[Error]: [Error] Object reference not set to an instance of an object.
[Error]: [Error]   at JoyLib.Code.Graphics.ObjectIconHandler.AddSpriteDataFromJson (Godot.Collections.Dictionary spriteDict) [0x00297] in C:\Projects\JoyGodot - Trimmed\Assets\Scripts\Graphics\ObjectIconHandler.cs:189 
[Information]: [Information] Could not load sprite data from JSON. Offending JSON to follow.
[Information]: [Information] [Name: Hunger]
[Part: [{Data:[default, need], Filename:Needs32.png, Frames:1, Name:Hunger, Position:0, SortOrder:2}]]

[Error]: [Error] Object reference not set to an instance of an object.
[Error]: [Error]   at JoyLib.Code.Graphics.ObjectIconHandler.AddSpriteDataFromJson (Godot.Collections.Dictionary spriteDict) [0x00297] in C:\Projects\JoyGodot - Trimmed\Assets\Scripts\Graphics\ObjectIconHandler.cs:189 
[Information]: [Information] Could not load sprite data from JSON. Offending JSON to follow.
[Information]: [Information] [Name: Thirst]
[Part: [{Data:[default, need], Filename:Needs32.png, Frames:1, Name:Thirst, Position:1, SortOrder:2}]]

[Error]: [Error] Object reference not set to an instance of an object.
[Error]: [Error]   at JoyLib.Code.Graphics.ObjectIconHandler.AddSpriteDataFromJson (Godot.Collections.Dictionary spriteDict) [0x00297] in C:\Projects\JoyGodot - Trimmed\Assets\Scripts\Graphics\ObjectIconHandler.cs:189 
[Information]: [Information] Could not load sprite data from JSON. Offending JSON to follow.
[Information]: [Information] [Name: Sex]
[Part: [{Data:[default, need], Filename:Needs32.png, Frames:1, Name:Sex, Position:2, SortOrder:2}]]

[Error]: [Error] Object reference not set to an instance of an object.
[Error]: [Error]   at JoyLib.Code.Graphics.ObjectIconHandler.AddSpriteDataFromJson (Godot.Collections.Dictionary spriteDict) [0x00297] in C:\Projects\JoyGodot - Trimmed\Assets\Scripts\Graphics\ObjectIconHandler.cs:189 
[Information]: [Information] Could not load sprite data from JSON. Offending JSON to follow.
[Information]: [Information] [Name: Sleep]
[Part: [{Data:[default, need], Filename:Needs32.png, Frames:1, Name:Sleep, Position:3, SortOrder:2}]]

[Error]: [Error] Object reference not set to an instance of an object.
[Error]: [Error]   at JoyLib.Code.Graphics.ObjectIconHandler.AddSpriteDataFromJson (Godot.Collections.Dictionary spriteDict) [0x00297] in C:\Projects\JoyGodot - Trimmed\Assets\Scripts\Graphics\ObjectIconHandler.cs:189 
[Information]: [Information] Could not load sprite data from JSON. Offending JSON to follow.
[Information]: [Information] [Name: Health]
[Part: [{Data:[default, need], Filename:Needs32.png, Frames:1, Name:Health, Position:4, SortOrder:2}]]

[Error]: [Error] Object reference not set to an instance of an object.
[Error]: [Error]   at JoyLib.Code.Graphics.ObjectIconHandler.AddSpriteDataFromJson (Godot.Collections.Dictionary spriteDict) [0x00297] in C:\Projects\JoyGodot - Trimmed\Assets\Scripts\Graphics\ObjectIconHandler.cs:189 
[Information]: [Information] Could not load sprite data from JSON. Offending JSON to follow.
[Information]: [Information] [Name: Purpose]
[Part: [{Data:[default, need], Filename:Needs32.png, Frames:1, Name:Purpose, Position:5, SortOrder:2}]]

[Error]: [Error] Object reference not set to an instance of an object.
[Error]: [Error]   at JoyLib.Code.Graphics.ObjectIconHandler.AddSpriteDataFromJson (Godot.Collections.Dictionary spriteDict) [0x00297] in C:\Projects\JoyGodot - Trimmed\Assets\Scripts\Graphics\ObjectIconHandler.cs:189 
[Information]: [Information] Could not load sprite data from JSON. Offending JSON to follow.
[Information]: [Information] [Name: Property]
[Part: [{Data:[default, need], Filename:Needs32.png, Frames:1, Name:Property, Position:6, SortOrder:2}]]

[Error]: [Error] Object reference not set to an instance of an object.
[Error]: [Error]   at JoyLib.Code.Graphics.ObjectIconHandler.AddSpriteDataFromJson (Godot.Collections.Dictionary spriteDict) [0x00297] in C:\Projects\JoyGodot - Trimmed\Assets\Scripts\Graphics\ObjectIconHandler.cs:189 
[Information]: [Information] Could not load sprite data from JSON. Offending JSON to follow.
[Information]: [Information] [Name: Friendship]
[Part: [{Data:[default, need], Filename:Needs32.png, Frames:1, Name:Friendship, Position:7, SortOrder:2}]]

[Error]: [Error] Object reference not set to an instance of an object.
[Error]: [Error]   at JoyLib.Code.Graphics.ObjectIconHandler.AddSpriteDataFromJson (Godot.Collections.Dictionary spriteDict) [0x00297] in C:\Projects\JoyGodot - Trimmed\Assets\Scripts\Graphics\ObjectIconHandler.cs:189 
[Information]: [Information] Could not load sprite data from JSON. Offending JSON to follow.
[Information]: [Information] [Name: Family]
[Part: [{Data:[default, need], Filename:Needs32.png, Frames:1, Name:Family, Position:8, SortOrder:2}]]

[Error]: [Error] Object reference not set to an instance of an object.
[Error]: [Error]   at JoyLib.Code.Graphics.ObjectIconHandler.AddSpriteDataFromJson (Godot.Collections.Dictionary spriteDict) [0x00297] in C:\Projects\JoyGodot - Trimmed\Assets\Scripts\Graphics\ObjectIconHandler.cs:189 
[Information]: [Information] Could not load sprite data from JSON. Offending JSON to follow.
[Information]: [Information] [Name: Morality]
[Part: [{Data:[default, need], Filename:Needs32.png, Frames:1, Name:Morality, Position:9, SortOrder:2}]]

[Error]: [Error] Object reference not set to an instance of an object.
[Error]: [Error]   at JoyLib.Code.Graphics.ObjectIconHandler.AddSpriteDataFromJson (Godot.Collections.Dictionary spriteDict) [0x00297] in C:\Projects\JoyGodot - Trimmed\Assets\Scripts\Graphics\ObjectIconHandler.cs:189 
[Information]: [Information] Could not load sprite data from JSON. Offending JSON to follow.
[Information]: [Information] [Name: Confidence]
[Part: [{Data:[default, need], Filename:Needs32.png, Frames:1, Name:Confidence, Position:10, SortOrder:2}]]

[Error]: [Error] Object reference not set to an instance of an object.
[Error]: [Error]   at JoyLib.Code.Graphics.ObjectIconHandler.AddSpriteDataFromJson (Godot.Collections.Dictionary spriteDict) [0x00297] in C:\Projects\JoyGodot - Trimmed\Assets\Scripts\Graphics\ObjectIconHandler.cs:189 
[Information]: [Information] Could not load sprite data from JSON. Offending JSON to follow.
[Information]: [Information] [Name: Respect]
[Part: [{Data:[default, need], Filename:Needs32.png, Frames:1, Name:Respect, Position:11, SortOrder:2}]]

[Error]: [Error] Object reference not set to an instance of an object.
[Error]: [Error]   at JoyLib.Code.Graphics.ObjectIconHandler.AddSpriteDataFromJson (Godot.Collections.Dictionary spriteDict) [0x00297] in C:\Projects\JoyGodot - Trimmed\Assets\Scripts\Graphics\ObjectIconHandler.cs:189 
[Information]: [Information] Could not load sprite data from JSON. Offending JSON to follow.
[Information]: [Information] [Name: AttackParticle]
[Part: [{Data:[default, attack], Filename:attack-particle.png, Frames:1, Name:AttackParticle, Position:0, SortOrder:2}]]

[Error]: [Error] Object reference not set to an instance of an object.
[Error]: [Error]   at JoyLib.Code.Graphics.ObjectIconHandler.AddSpriteDataFromJson (Godot.Collections.Dictionary spriteDict) [0x00297] in C:\Projects\JoyGodot - Trimmed\Assets\Scripts\Graphics\ObjectIconHandler.cs:189 
[Information]: [Information] Could not load sprite data from JSON. Offending JSON to follow.
[Information]: [Information] [Name: obscure]
[Part: [{Data:[default], Filename:obscure.png, Frames:1, Name:obscure, Position:0}]]

[Error]: [Error] Object reference not set to an instance of an object.
[Error]: [Error]   at JoyLib.Code.Graphics.ObjectIconHandler.AddSpriteDataFromJson (Godot.Collections.Dictionary spriteDict) [0x00297] in C:\Projects\JoyGodot - Trimmed\Assets\Scripts\Graphics\ObjectIconHandler.cs:189 
[Information]: [Information] Background
Border
Message

[Information]: [Information] Loading Screen
Background
Border
Message

[Information]: [Information] Could not load sprite data from JSON. Offending JSON to follow.
[Information]: [Information] [Name: demon]
[State: idle]
[Part: [{Colour:[#1ebc73, #30e1b9], Data:[default], Filename:cultures/demon-body.png, Frames:3, Name:body-light, SortOrder:0}, {Colour:[#c32454, #e83b3b], Data:[default], Filename:cultures/demon-eyes.png, Frames:3, Name:eyes, SortOrder:2}]]

[Error]: [Error] Object reference not set to an instance of an object.
[Error]: [Error]   at JoyLib.Code.Graphics.ObjectIconHandler.AddSpriteDataFromJson (Godot.Collections.Dictionary spriteDict) [0x00297] in C:\Projects\JoyGodot - Trimmed\Assets\Scripts\Graphics\ObjectIconHandler.cs:189 
[Information]: [Information] Could not load sprite data from JSON. Offending JSON to follow.
[Information]: [Information] [Name: human]
[State: idle]
[Part: [{Colour:[#30e1b9, #fbb954], Data:[default], Filename:cultures/human-body32.png, Frames:3, Name:body, Position:0, SortOrder:0}, {Colour:[#fb6b1d, #c32454], Data:[default], Filename:cultures/human-eyes32.png, Frames:3, Name:eyes, Position:0, SortOrder:1}, {Colour:[#625565, #e3c896], Data:[default], Filename:cultures/human-horns32.png, Frames:3, Name:horns, Position:0, SortOrder:2}]]

[Error]: [Error] Object reference not set to an instance of an object.
[Error]: [Error]   at JoyLib.Code.Graphics.ObjectIconHandler.AddSpriteDataFromJson (Godot.Collections.Dictionary spriteDict) [0x00297] in C:\Projects\JoyGodot - Trimmed\Assets\Scripts\Graphics\ObjectIconHandler.cs:189 
[Information]: [Information] Could not load sprite data from JSON. Offending JSON to follow.
[Information]: [Information] [Name: human]
[State: idle]
[Part: [{Colour:[#fca790, #966c6c], Data:[default], Filename:cultures/human-body32.png, Frames:3, Name:body, Position:0, SortOrder:0}, {Colour:[#1ebc73, #4d9be6, #9e4539], Data:[default], Filename:cultures/human-eyes32.png, Frames:3, Name:eyes, Position:0, SortOrder:1}]]

[Error]: [Error] Object reference not set to an instance of an object.
[Error]: [Error]   at JoyLib.Code.Graphics.ObjectIconHandler.AddSpriteDataFromJson (Godot.Collections.Dictionary spriteDict) [0x00297] in C:\Projects\JoyGodot - Trimmed\Assets\Scripts\Graphics\ObjectIconHandler.cs:189 
[Information]: [Information] Could not load sprite data from JSON. Offending JSON to follow.
[Information]: [Information] [Name: naga]
[State: idle]
[Part: [{Colour:[#fb6b1d], Data:[default], Filename:cultures/naga-light-body.png, Frames:3, Name:body-light, SortOrder:0}, {Colour:[#fb6b1d], Data:[default], Filename:cultures/naga-dark-body.png, Frames:3, Name:body-dark, SortOrder:1}, {Colour:[#3e3546], Data:[default], Filename:cultures/naga-eyes.png, Frames:3, Name:eyes, SortOrder:2}, {Colour:[#c32454], Data:[default], Filename:cultures/naga-tongue.png, Frames:3, Name:tongue, SortOrder:3}]]

[Error]: [Error] Object reference not set to an instance of an object.
[Error]: [Error]   at JoyLib.Code.Graphics.ObjectIconHandler.AddSpriteDataFromJson (Godot.Collections.Dictionary spriteDict) [0x00297] in C:\Projects\JoyGodot - Trimmed\Assets\Scripts\Graphics\ObjectIconHandler.cs:189 
[Information]: [Information] Could not load sprite data from JSON. Offending JSON to follow.
[Information]: [Information] [Name: slime]
[State: idle]
[Part: [{Colour:[#8fd3ff, #a884f3], Data:[default], Filename:cultures/slime-light-body.png, Frames:3, Name:body-light, Position:0, SortOrder:0}, {Colour:[#905ea9, #4d65b4], Data:[default], Filename:cultures/slime-dark-body.png, Frames:3, Name:body-dark, Position:0, SortOrder:1}]]

[Error]: [Error] Object reference not set to an instance of an object.
[Error]: [Error]   at JoyLib.Code.Graphics.ObjectIconHandler.AddSpriteDataFromJson (Godot.Collections.Dictionary spriteDict) [0x00297] in C:\Projects\JoyGodot - Trimmed\Assets\Scripts\Graphics\ObjectIconHandler.cs:189 
[Information]: [Information] background
[Information]: [Information] border
[Warning]: [Warning] Could not find colours for element DefaultWindow
[Information]: [Information] background
[Information]: [Information] border
[Warning]: [Warning] Could not find colours for element DefaultWindow
[Information]: [Information] background
[Information]: [Information] border
[Warning]: [Warning] Could not find colours for element SlotSprite
[Information]: [Information] background
[Information]: [Information] border
[Warning]: [Warning] Could not find colours for element SlotSprite
[Information]: [Information] background
[Information]: [Information] border
[Warning]: [Warning] Could not find colours for element SlotSprite
[Information]: [Information] background
[Information]: [Information] border
[Warning]: [Warning] Could not find colours for element SlotSprite
[Information]: [Information] @@2
Background
Button Container

[Information]: [Information] Main Menu
@@2
Background
Button Container
background
border
background
border
New Game Button
Load Game Button
Settings
Quit to Desktop
Background
Text
background
border
Background
Text
background
border
Background
Text
background
border
Background
Text
background
border

[Information]: [Information] background
[Information]: [Information] border
[Information]: [Information] background
[Information]: [Information] border
[Information]: [Information] background
[Information]: [Information] border
[Information]: [Information] background
[Information]: [Information] border
[Information]: [Information] background
[Information]: [Information] border
[Information]: [Information] background
[Information]: [Information] border
[Information]: [Information] background
[Information]: [Information] border
[Information]: [Information] background
[Information]: [Information] border
[Information]: [Information] background
[Information]: [Information] border
